0 info it worked if it ends with ok
1 verbose cli [ '/Users/marxwang/.meteor/packages/meteor-tool/.1.1.3.weuw7k.l8w3++os.osx.x86_64+web.browser+web.cordova/mt-os.osx.x86_64/dev_bundle/bin/node',
1 verbose cli   '/Users/marxwang/.meteor/packages/meteor-tool/.1.1.3.weuw7k.l8w3++os.osx.x86_64+web.browser+web.cordova/mt-os.osx.x86_64/dev_bundle/bin/npm',
1 verbose cli   'install',
1 verbose cli   '--save',
1 verbose cli   '@babel/runtime' ]
2 info using npm@1.4.28
3 info using node@v0.10.36
4 verbose config Skipping project config: /Users/marxwang/.npmrc. (matches userconfig)
5 warn package.json dom-serializer@0.1.0 No README data
6 warn package.json string_decoder@0.10.31 string_decoder is also the name of a node core module.
7 verbose cache add [ '@babel/runtime', null ]
8 verbose cache add name=undefined spec="@babel/runtime" args=["@babel/runtime",null]
9 verbose parsed url { protocol: null,
9 verbose parsed url   slashes: null,
9 verbose parsed url   auth: null,
9 verbose parsed url   host: null,
9 verbose parsed url   port: null,
9 verbose parsed url   hostname: null,
9 verbose parsed url   hash: null,
9 verbose parsed url   search: null,
9 verbose parsed url   query: null,
9 verbose parsed url   pathname: '@babel/runtime',
9 verbose parsed url   path: '@babel/runtime',
9 verbose parsed url   href: '@babel/runtime' }
10 verbose cache add name="" spec="babel/runtime" args=["","babel/runtime"]
11 verbose parsed url { protocol: null,
11 verbose parsed url   slashes: null,
11 verbose parsed url   auth: null,
11 verbose parsed url   host: null,
11 verbose parsed url   port: null,
11 verbose parsed url   hostname: null,
11 verbose parsed url   hash: null,
11 verbose parsed url   search: null,
11 verbose parsed url   query: null,
11 verbose parsed url   pathname: 'babel/runtime',
11 verbose parsed url   path: 'babel/runtime',
11 verbose parsed url   href: 'babel/runtime' }
12 silly lockFile fdf39a02-babel-runtime babel/runtime
13 verbose lock babel/runtime /Users/marxwang/.npm/fdf39a02-babel-runtime.lock
14 info maybeGithub Attempting babel/runtime from git://github.com/babel/runtime
15 silly lockFile 14770d72-git-github-com-babel-runtime git://github.com/babel/runtime
16 verbose lock git://github.com/babel/runtime /Users/marxwang/.npm/14770d72-git-github-com-babel-runtime.lock
17 verbose addRemoteGit [ 'git://github.com/babel/runtime', 'master' ]
18 verbose git clone git://github.com/babel/runtime Cloning into bare repository '/Users/marxwang/.npm/_git-remotes/git-github-com-babel-runtime-14770d72'...
18 verbose git clone git://github.com/babel/runtime fatal: remote error:
18 verbose git clone git://github.com/babel/runtime   Repository not found.
19 silly lockFile 14770d72-git-github-com-babel-runtime git://github.com/babel/runtime
20 silly lockFile 14770d72-git-github-com-babel-runtime git://github.com/babel/runtime
21 info maybeGithub Attempting babel/runtime from git+ssh://git@github.com:babel/runtime
22 silly lockFile bbdbbac0-git-github-com-babel-runtime git@github.com:babel/runtime
23 verbose lock git@github.com:babel/runtime /Users/marxwang/.npm/bbdbbac0-git-github-com-babel-runtime.lock
24 verbose addRemoteGit [ 'git@github.com:babel/runtime', 'master' ]
25 error git clone git@github.com:babel/runtime Cloning into bare repository '/Users/marxwang/.npm/_git-remotes/git-github-com-babel-runtime-bbdbbac0'...
25 error git clone git@github.com:babel/runtime Warning: Permanently added the RSA host key for IP address '140.82.114.4' to the list of known hosts.
25 error git clone git@github.com:babel/runtime git@github.com: Permission denied (publickey).
25 error git clone git@github.com:babel/runtime fatal: Could not read from remote repository.
25 error git clone git@github.com:babel/runtime
25 error git clone git@github.com:babel/runtime Please make sure you have the correct access rights
25 error git clone git@github.com:babel/runtime and the repository exists.
26 silly lockFile bbdbbac0-git-github-com-babel-runtime git@github.com:babel/runtime
27 silly lockFile bbdbbac0-git-github-com-babel-runtime git@github.com:babel/runtime
28 silly lockFile fdf39a02-babel-runtime babel/runtime
29 silly lockFile fdf39a02-babel-runtime babel/runtime
30 error addLocal Could not install babel/runtime
31 error Error: ENOENT, stat 'babel/runtime'
32 error If you need help, you may report this *entire* log,
32 error including the npm and node versions, at:
32 error     <http://github.com/npm/npm/issues>
33 error System Darwin 19.4.0
34 error command "/Users/marxwang/.meteor/packages/meteor-tool/.1.1.3.weuw7k.l8w3++os.osx.x86_64+web.browser+web.cordova/mt-os.osx.x86_64/dev_bundle/bin/node" "/Users/marxwang/.meteor/packages/meteor-tool/.1.1.3.weuw7k.l8w3++os.osx.x86_64+web.browser+web.cordova/mt-os.osx.x86_64/dev_bundle/bin/npm" "install" "--save" "@babel/runtime"
35 error cwd /Users/marxwang/Desktop/CODE/WEB/mess_enger
36 error node -v v0.10.36
37 error npm -v 1.4.28
38 error path babel/runtime
39 error code ENOENT
40 error errno 34
41 verbose exit [ 34, true ]
